<?xml version="1.0" encoding="UTF-8"?>
<coverage generated="1658148990983" clover="3.2.0">
  <project timestamp="1658148990984" name="All files">
    <metrics statements="7" coveredstatements="7" conditionals="5" coveredconditionals="5" methods="4" coveredmethods="4" elements="16" coveredelements="16" complexity="0" loc="7" ncloc="7" packages="1" files="2" classes="2"/>
    <file name="array.ts" path="/Users/Bram/Code/util/src/array.ts">
      <metrics statements="4" coveredstatements="4" conditionals="4" coveredconditionals="4" methods="2" coveredmethods="2"/>
      <line num="1" count="1" type="stmt"/>
      <line num="2" count="4" type="cond" truecount="2" falsecount="0"/>
      <line num="5" count="1" type="stmt"/>
      <line num="6" count="2" type="cond" truecount="2" falsecount="0"/>
    </file>
    <file name="string.ts" path="/Users/Bram/Code/util/src/string.ts">
      <metrics statements="3" coveredstatements="3" conditionals="1" coveredconditionals="1" methods="2" coveredmethods="2"/>
      <line num="2" count="19" type="stmt"/>
      <line num="6" count="2" type="stmt"/>
      <line num="9" count="1" type="stmt"/>
    </file>
  </project>
</coverage>
