{"/Users/Bram/Code/util/src/array.ts": {"path":"/Users/Bram/Code/util/src/array.ts","statementMap":{"0":{"start":{"line":2,"column":2},"end":{"line":2,"column":null}},"1":{"start":{"line":1,"column":0},"end":{"line":1,"column":16}},"2":{"start":{"line":6,"column":2},"end":{"line":6,"column":null}},"3":{"start":{"line":5,"column":0},"end":{"line":5,"column":16}}},"fnMap":{"0":{"name":"isEmptyArray","decl":{"start":{"line":1,"column":16},"end":{"line":1,"column":28}},"loc":{"start":{"line":1,"column":39},"end":{"line":3,"column":1}}},"1":{"name":"isNonEmptyArray","decl":{"start":{"line":5,"column":16},"end":{"line":5,"column":31}},"loc":{"start":{"line":5,"column":42},"end":{"line":7,"column":1}}}},"branchMap":{"0":{"loc":{"start":{"line":2,"column":9},"end":{"line":2,"column":51}},"type":"binary-expr","locations":[{"start":{"line":2,"column":9},"end":{"line":2,"column":29}},{"start":{"line":2,"column":33},"end":{"line":2,"column":51}}]},"1":{"loc":{"start":{"line":6,"column":9},"end":{"line":6,"column":49}},"type":"binary-expr","locations":[{"start":{"line":6,"column":9},"end":{"line":6,"column":29}},{"start":{"line":6,"column":33},"end":{"line":6,"column":49}}]}},"s":{"0":4,"1":1,"2":2,"3":1},"f":{"0":4,"1":2},"b":{"0":[4,2],"1":[2,2]}}
,"/Users/Bram/Code/util/src/string.ts": {"path":"/Users/Bram/Code/util/src/string.ts","statementMap":{"0":{"start":{"line":2,"column":2},"end":{"line":2,"column":null}},"1":{"start":{"line":9,"column":9},"end":{"line":9,"column":19}},"2":{"start":{"line":6,"column":2},"end":{"line":6,"column":null}},"3":{"start":{"line":9,"column":21},"end":{"line":9,"column":39}}},"fnMap":{"0":{"name":"capitalize","decl":{"start":{"line":1,"column":9},"end":{"line":1,"column":19}},"loc":{"start":{"line":1,"column":33},"end":{"line":3,"column":1}}},"1":{"name":"capitalizeEachWord","decl":{"start":{"line":5,"column":9},"end":{"line":5,"column":27}},"loc":{"start":{"line":5,"column":58},"end":{"line":7,"column":1}}}},"branchMap":{"0":{"loc":{"start":{"line":5,"column":43},"end":{"line":5,"column":58}},"type":"default-arg","locations":[{"start":{"line":5,"column":55},"end":{"line":5,"column":58}}]}},"s":{"0":19,"1":1,"2":2,"3":1},"f":{"0":19,"1":2},"b":{"0":[1]}}
}
